caloba25
caloba25
Cloning into 'gaugi'...
Cloning into 'kepler'...
Cloning into 'kolmov'...
Cloning into 'pybeamer'...
Cloning into 'saphyra'...
Cloning into 'rootplotlib'...
Cloning into 'orchestra'...
==========================================================
update all necessary packages...
==========================================================
setup root...
==========================================================
setup gaugi by hand...
setup rootplotlib by hand...
setup saphyra by hand...
setup kepler by hand...
setup pybeamer by hand...
==========================================================
setup orchestra...
==========================================================
2022-02-03 18:02:23.097552: I tensorflow/stream_executor/platform/default/dso_loader.cc:48] Successfully opened dynamic library libcudart.so.10.1
Using all sub packages with ROOT dependence
2022-02-03 18:02:24,868 | Py.Slots                                INFO Setup all slots into the queue with name: cpu
2022-02-03 18:02:24,868 | Py.Slots                                INFO Creating a CPU Slot(caloba25) with 0/4
2022-02-03 18:02:24,868 | Py.Slots                                INFO Creating cluster stack with 0 slots
2022-02-03 18:02:24.871907: I tensorflow/stream_executor/platform/default/dso_loader.cc:48] Successfully opened dynamic library libcuda.so.1
2022-02-03 18:02:25.960045: I tensorflow/stream_executor/cuda/cuda_gpu_executor.cc:982] successful NUMA node read from SysFS had negative value (-1), but there must be at least one NUMA node, so returning NUMA node zero
2022-02-03 18:02:25.960686: I tensorflow/core/common_runtime/gpu/gpu_device.cc:1716] Found device 0 with properties: 
pciBusID: 0000:01:00.0 name: NVIDIA GeForce RTX 2070 computeCapability: 7.5
coreClock: 1.62GHz coreCount: 36 deviceMemorySize: 7.79GiB deviceMemoryBandwidth: 417.29GiB/s
2022-02-03 18:02:25.960759: I tensorflow/stream_executor/cuda/cuda_gpu_executor.cc:982] successful NUMA node read from SysFS had negative value (-1), but there must be at least one NUMA node, so returning NUMA node zero
2022-02-03 18:02:25.961347: I tensorflow/core/common_runtime/gpu/gpu_device.cc:1716] Found device 1 with properties: 
pciBusID: 0000:03:00.0 name: NVIDIA GeForce RTX 2070 computeCapability: 7.5
coreClock: 1.62GHz coreCount: 36 deviceMemorySize: 7.79GiB deviceMemoryBandwidth: 417.29GiB/s
2022-02-03 18:02:25.961379: I tensorflow/stream_executor/platform/default/dso_loader.cc:48] Successfully opened dynamic library libcudart.so.10.1
2022-02-03 18:02:25.993474: I tensorflow/stream_executor/platform/default/dso_loader.cc:48] Successfully opened dynamic library libcublas.so.10
2022-02-03 18:02:26.006260: I tensorflow/stream_executor/platform/default/dso_loader.cc:48] Successfully opened dynamic library libcufft.so.10
2022-02-03 18:02:26.010859: I tensorflow/stream_executor/platform/default/dso_loader.cc:48] Successfully opened dynamic library libcurand.so.10
2022-02-03 18:02:26.038539: I tensorflow/stream_executor/platform/default/dso_loader.cc:48] Successfully opened dynamic library libcusolver.so.10
2022-02-03 18:02:26.043663: I tensorflow/stream_executor/platform/default/dso_loader.cc:48] Successfully opened dynamic library libcusparse.so.10
2022-02-03 18:02:26.090331: I tensorflow/stream_executor/platform/default/dso_loader.cc:48] Successfully opened dynamic library libcudnn.so.7
2022-02-03 18:02:26.090453: I tensorflow/stream_executor/cuda/cuda_gpu_executor.cc:982] successful NUMA node read from SysFS had negative value (-1), but there must be at least one NUMA node, so returning NUMA node zero
2022-02-03 18:02:26.090903: I tensorflow/stream_executor/cuda/cuda_gpu_executor.cc:982] successful NUMA node read from SysFS had negative value (-1), but there must be at least one NUMA node, so returning NUMA node zero
2022-02-03 18:02:26.091353: I tensorflow/stream_executor/cuda/cuda_gpu_executor.cc:982] successful NUMA node read from SysFS had negative value (-1), but there must be at least one NUMA node, so returning NUMA node zero
2022-02-03 18:02:26.091734: I tensorflow/stream_executor/cuda/cuda_gpu_executor.cc:982] successful NUMA node read from SysFS had negative value (-1), but there must be at least one NUMA node, so returning NUMA node zero
2022-02-03 18:02:26.092137: I tensorflow/core/common_runtime/gpu/gpu_device.cc:1858] Adding visible gpu devices: 0, 1
2022-02-03 18:02:26,092 | Py.Slots                                INFO Number of GPUs found in caloba25: 2
2022-02-03 18:02:26,092 | Py.Slots                                INFO Setup all slots into the queue with name: gpu
2022-02-03 18:02:26,092 | Py.Slots                                INFO Creating a GPU Slot(caloba25) with device 0. This slot is enable? True
2022-02-03 18:02:26,092 | Py.Slots                                INFO Creating a GPU Slot(caloba25) with device 1. This slot is enable? True
2022-02-03 18:02:26,092 | Py.Slots                                INFO Creating cluster stack with 2 slots
